Arguments: 
  /Users/felipprodrigues/.nvm/versions/node/v10.13.0/bin/node /Users/felipprodrigues/.nvm/versions/node/v10.13.0/bin/yarn dev

PATH: 
  /Users/felipprodrigues/.nvm/versions/node/v10.13.0/bin:/usr/local/bin:/usr/bin:/bin:/usr/sbin:/sbin

Yarn version: 
  1.22.4

Node version: 
  10.13.0

Platform: 
  darwin x64

Trace: 
  SyntaxError: /Users/felipprodrigues/Documents/dev/felipprodrigues.github.io/package.json: Unexpected end of JSON input
      at JSON.parse (<anonymous>)
      at /Users/felipprodrigues/.nvm/versions/node/v10.13.0/lib/node_modules/yarn/lib/cli.js:1625:59
      at Generator.next (<anonymous>)
      at step (/Users/felipprodrigues/.nvm/versions/node/v10.13.0/lib/node_modules/yarn/lib/cli.js:310:30)
      at /Users/felipprodrigues/.nvm/versions/node/v10.13.0/lib/node_modules/yarn/lib/cli.js:321:13

npm manifest: 
  

yarn manifest: 
  No manifest

Lockfile: 
  # THIS IS AN AUTOGENERATED FILE. DO NOT EDIT THIS FILE DIRECTLY.
  # yarn lockfile v1
